[==========] Running 2 tests from 2 test cases.
[----------] Global test environment set-up.
[----------] 1 test from AddKernelWrapper
[ RUN      ] AddKernelWrapper.AddsArrays
0 + 9 = 1245642761
1 + 8 = 32523
2 + 7 = 1264085472
3 + 6 = 32523
4 + 5 = 0
5 + 4 = 0
6 + 3 = 1252978297
7 + 2 = 32523
8 + 1 = 1
9 + 0 = 0
tests.cu:10: Failure
Value of: 9
Expected: c[0]
Which is: 1245642761
tests.cu:11: Failure
Value of: 9
Expected: c[1]
Which is: 32523
tests.cu:12: Failure
Value of: 9
Expected: c[2]
Which is: 1264085472
tests.cu:13: Failure
Value of: 9
Expected: c[3]
Which is: 32523
tests.cu:14: Failure
Value of: 9
Expected: c[4]
Which is: 0
tests.cu:15: Failure
Value of: 9
Expected: c[5]
Which is: 0
tests.cu:16: Failure
Value of: 9
Expected: c[6]
Which is: 1252978297
tests.cu:17: Failure
Value of: 9
Expected: c[7]
Which is: 32523
tests.cu:18: Failure
Value of: 9
Expected: c[8]
Which is: 1
tests.cu:19: Failure
Value of: 9
Expected: c[9]
Which is: 0
[  FAILED  ] AddKernelWrapper.AddsArrays (2852 ms)
[----------] 1 test from AddKernelWrapper (2852 ms total)

[----------] 1 test from A
[ RUN      ] A.B
[       OK ] A.B (0 ms)
[----------] 1 test from A (0 ms total)

[----------] Global test environment tear-down
[==========] 2 tests from 2 test cases ran. (2852 ms total)
[  PASSED  ] 1 test.
[  FAILED  ] 1 test, listed below:
[  FAILED  ] AddKernelWrapper.AddsArrays

 1 FAILED TEST
